2023-04-19 17:24:57 INFO  Log:13 - ************************
2023-04-19 17:24:57 INFO  Log:14 - ************************
2023-04-19 17:24:57 INFO  Log:15 - *********This is the beginning of my Test Case*********
2023-04-19 17:24:57 INFO  Log:25 - My test case is executing rn
2023-04-19 17:24:57 INFO  Log:28 - My test case might have some trivial issues
2023-04-19 17:25:11 INFO  Log:25 - This test case is about to be completed
2023-04-19 17:25:11 INFO  Log:19 - ######################################
2023-04-19 17:25:11 INFO  Log:20 - ######################################
2023-04-19 17:25:11 INFO  Log:21 - ####################This test case is finished#####################
2023-04-19 18:16:04 INFO  Log:13 - ************************
2023-04-19 18:16:04 INFO  Log:14 - ************************
2023-04-19 18:16:04 INFO  Log:15 - *********This is the beginning of my Test Case*********
2023-04-19 18:16:04 INFO  Log:25 - My test case is executing rn
2023-04-19 18:16:04 INFO  Log:28 - My test case might have some trivial issues
2023-04-19 18:16:14 INFO  Log:25 - This test case is about to be completed
2023-04-19 18:16:14 INFO  Log:19 - ######################################
2023-04-19 18:16:14 INFO  Log:20 - ######################################
2023-04-19 18:16:14 INFO  Log:21 - ####################This test case is finished#####################
2023-05-14 14:58:21 INFO  Log:13 - ************************
2023-05-14 14:58:21 INFO  Log:14 - ************************
2023-05-14 14:58:21 INFO  Log:15 - *********This is the beginning of my Test Case*********
2023-05-14 14:58:21 INFO  Log:25 - My test case is executing rn
2023-05-14 14:58:21 INFO  Log:28 - My test case might have some trivial issues
2023-05-14 14:58:21 INFO  Log:25 - This test case is about to be completed
2023-05-14 14:58:21 INFO  Log:19 - ######################################
2023-05-14 14:58:21 INFO  Log:20 - ######################################
2023-05-14 14:58:21 INFO  Log:21 - ####################This test case is finished#####################
2023-05-14 15:00:46 INFO  Log:13 - ************************
2023-05-14 15:00:46 INFO  Log:14 - ************************
2023-05-14 15:00:46 INFO  Log:15 - *********This is the beginning of my Test Case*********
2023-05-14 15:00:46 INFO  Log:25 - My test case is executing rn
2023-05-14 15:00:46 INFO  Log:28 - My test case might have some trivial issues
2023-05-14 15:00:47 INFO  Log:25 - This test case is about to be completed
2023-05-14 15:00:47 INFO  Log:19 - ######################################
2023-05-14 15:00:47 INFO  Log:20 - ######################################
2023-05-14 15:00:47 INFO  Log:21 - ####################This test case is finished#####################
2023-05-14 16:39:55 INFO  Log:13 - ************************
2023-05-14 16:39:55 INFO  Log:14 - ************************
2023-05-14 16:39:55 INFO  Log:15 - *********This is the beginning of my Test Case*********
2023-05-14 16:39:55 INFO  Log:25 - My test case is executing rn
2023-05-14 16:39:55 INFO  Log:28 - My test case might have some trivial issues
2023-05-14 16:39:55 INFO  Log:25 - This test case is about to be completed
2023-05-14 16:39:55 INFO  Log:19 - ######################################
2023-05-14 16:39:55 INFO  Log:20 - ######################################
2023-05-14 16:39:55 INFO  Log:21 - ####################This test case is finished#####################
2023-05-14 16:42:03 INFO  Log:13 - ************************
2023-05-14 16:42:03 INFO  Log:14 - ************************
2023-05-14 16:42:03 INFO  Log:15 - *********This is the beginning of my Test Case*********
2023-05-14 16:42:03 INFO  Log:25 - My test case is executing rn
2023-05-14 16:42:03 INFO  Log:28 - My test case might have some trivial issues
2023-05-14 16:42:04 INFO  Log:25 - This test case is about to be completed
2023-05-14 16:42:04 INFO  Log:19 - ######################################
2023-05-14 16:42:04 INFO  Log:20 - ######################################
2023-05-14 16:42:04 INFO  Log:21 - ####################This test case is finished#####################
2023-05-14 16:43:12 INFO  Log:13 - ************************
2023-05-14 16:43:12 INFO  Log:14 - ************************
2023-05-14 16:43:12 INFO  Log:15 - *********This is the beginning of my Test Case*********
2023-05-14 16:43:12 INFO  Log:25 - My test case is executing rn
2023-05-14 16:43:12 INFO  Log:28 - My test case might have some trivial issues
2023-05-14 16:43:13 INFO  Log:25 - This test case is about to be completed
2023-05-14 16:43:13 INFO  Log:19 - ######################################
2023-05-14 16:43:13 INFO  Log:20 - ######################################
2023-05-14 16:43:13 INFO  Log:21 - ####################This test case is finished#####################
2023-05-14 16:45:27 INFO  Log:13 - ************************
2023-05-14 16:45:27 INFO  Log:14 - ************************
2023-05-14 16:45:27 INFO  Log:15 - *********This is the beginning of my Test Case*********
2023-05-14 16:45:27 INFO  Log:25 - My test case is executing rn
2023-05-14 16:45:27 INFO  Log:28 - My test case might have some trivial issues
2023-05-14 16:45:33 INFO  Log:25 - This test case is about to be completed
2023-05-14 16:45:33 INFO  Log:19 - ######################################
2023-05-14 16:45:33 INFO  Log:20 - ######################################
2023-05-14 16:45:33 INFO  Log:21 - ####################This test case is finished#####################
2023-05-14 16:45:54 INFO  Log:13 - ************************
2023-05-14 16:45:54 INFO  Log:14 - ************************
2023-05-14 16:45:54 INFO  Log:15 - *********This is the beginning of my Test Case*********
2023-05-14 16:45:54 INFO  Log:25 - My test case is executing rn
2023-05-14 16:45:54 INFO  Log:28 - My test case might have some trivial issues
2023-05-14 16:46:06 INFO  Log:25 - This test case is about to be completed
2023-05-14 16:46:06 INFO  Log:19 - ######################################
2023-05-14 16:46:06 INFO  Log:20 - ######################################
2023-05-14 16:46:06 INFO  Log:21 - ####################This test case is finished#####################
2023-05-14 16:56:03 INFO  Log:13 - ************************
2023-05-14 16:56:03 INFO  Log:14 - ************************
2023-05-14 16:56:03 INFO  Log:15 - *********This is the beginning of my Test Case*********
2023-05-14 16:56:03 INFO  Log:25 - My test case is executing rn
2023-05-14 16:56:03 INFO  Log:28 - My test case might have some trivial issues
2023-05-14 16:56:13 INFO  Log:25 - This test case is about to be completed
2023-05-14 16:56:13 INFO  Log:19 - ######################################
2023-05-14 16:56:13 INFO  Log:20 - ######################################
2023-05-14 16:56:13 INFO  Log:21 - ####################This test case is finished#####################
2023-05-14 17:10:53 INFO  Log:13 - ************************
2023-05-14 17:10:53 INFO  Log:14 - ************************
2023-05-14 17:10:54 INFO  Log:15 - *********This is the beginning of my Test Case*********
2023-05-14 17:10:54 INFO  Log:25 - My test case is executing rn
2023-05-14 17:10:54 INFO  Log:28 - My test case might have some trivial issues
2023-05-14 17:11:03 INFO  Log:25 - This test case is about to be completed
2023-05-14 17:11:03 INFO  Log:19 - ######################################
2023-05-14 17:11:03 INFO  Log:20 - ######################################
2023-05-14 17:11:03 INFO  Log:21 - ####################This test case is finished#####################
2023-05-30 21:44:16 INFO  Log:13 - ************************
2023-05-30 21:44:16 INFO  Log:14 - ************************
2023-05-30 21:44:16 INFO  Log:15 - *********This is the beginning of my Test Case*********
2023-05-30 21:44:16 INFO  Log:25 - My test case is executing rn
2023-05-30 21:44:16 INFO  Log:28 - My test case might have some trivial issues
2023-05-30 21:44:25 INFO  Log:25 - This test case is about to be completed
2023-05-30 21:44:25 INFO  Log:19 - ######################################
2023-05-30 21:44:25 INFO  Log:20 - ######################################
2023-05-30 21:44:25 INFO  Log:21 - ####################This test case is finished#####################
